2025-08-21 00:52:47,891 [INFO] SecureCallWebRTC: [BOOT] GUI ready — waiting for user to choose mode and capacity
2025-08-21 00:52:58,160 [INFO] SecureCallWebRTC: [UDP] discovery responder on 37020
2025-08-21 00:52:58,162 [INFO] SecureCallWebRTC: [HTTP] http://0.0.0.0:8790 (/, /style.css, /icon.svg, /ws, /healthz, /status) — capacity=2
2025-08-21 00:52:58,170 [INFO] SecureCallWebRTC: [TUNNEL] Starting localhost.run tunnel (this may take a few seconds)…
2025-08-21 00:52:58,176 [INFO] SecureCallWebRTC: [TUNNEL] reader started, waiting for https://<sub>.lhr.life …
2025-08-21 00:52:59,310 [INFO] SecureCallWebRTC: [TUNNEL] ===============================================================================
2025-08-21 00:52:59,318 [INFO] SecureCallWebRTC: [TUNNEL] Welcome to localhost.run!
2025-08-21 00:52:59,319 [INFO] SecureCallWebRTC: [TUNNEL] Follow your favourite reverse tunnel at [https://twitter.com/localhost_run].
2025-08-21 00:52:59,320 [INFO] SecureCallWebRTC: [TUNNEL] To set up and manage custom domains go to https://admin.localhost.run/
2025-08-21 00:52:59,320 [INFO] SecureCallWebRTC: [TUNNEL] More details on custom domains (and how to enable subdomains of your custom
2025-08-21 00:52:59,321 [INFO] SecureCallWebRTC: [TUNNEL] domain) at https://localhost.run/docs/custom-domains
2025-08-21 00:52:59,322 [INFO] SecureCallWebRTC: [TUNNEL] If you get a permission denied error check the faq for how to connect with a key or
2025-08-21 00:52:59,323 [INFO] SecureCallWebRTC: [TUNNEL] create a free tunnel without a key at [http://localhost:3000/docs/faq#generating-an-ssh-key].
2025-08-21 00:52:59,323 [INFO] SecureCallWebRTC: [TUNNEL] To explore using localhost.run visit the documentation site:
2025-08-21 00:52:59,324 [INFO] SecureCallWebRTC: [TUNNEL] https://localhost.run/docs/
2025-08-21 00:52:59,325 [INFO] SecureCallWebRTC: [TUNNEL] ===============================================================================
2025-08-21 00:52:59,326 [INFO] SecureCallWebRTC: [TUNNEL] ** your connection id is 59137d32-556f-4bed-a1e2-e1dbba6acee9, please mention it if you send me a message about an issue. **
2025-08-21 00:52:59,327 [INFO] SecureCallWebRTC: [TUNNEL] nudged stdin with newline
2025-08-21 00:52:59,760 [INFO] SecureCallWebRTC: [TUNNEL] authenticated as anonymous user
2025-08-21 00:52:59,780 [INFO] SecureCallWebRTC: [TUNNEL] URL: https://539121753aa8f2.lhr.life (open this on both devices)
2025-08-21 00:52:59,780 [INFO] SecureCallWebRTC: [TUNNEL] 539121753aa8f2.lhr.life tunneled with tls termination, https://539121753aa8f2.lhr.life
2025-08-21 00:52:59,781 [INFO] SecureCallWebRTC: [TUNNEL] create an account and add your key for a longer lasting domain name. see https://localhost.run/docs/forever-free/ for more information.
2025-08-21 00:52:59,781 [INFO] SecureCallWebRTC: [TUNNEL] Open your tunnel address on your mobile with this QR:
2025-08-21 00:52:59,782 [INFO] SecureCallWebRTC: [TUNNEL] [7m  [0m[7m  [0m[7m  [0m[7m  [0m[7m  [0m[7m  [0m[7m  [0m[7m  [0m[7m  [0m[7m  [0m[7m  [0m[7m  [0m[7m  [0m[7m  [0m[7m  [0m[7m  [0m[7m  [0m[7m  [0m[7m  [0m[7m  [0m[7m  [0m[7m  [0m[7m  [0m[7m  [0m[7m  [0m[7m  [0m[7m  [0m
2025-08-21 00:52:59,783 [INFO] SecureCallWebRTC: [TUNNEL] [7m  [0m[49m  [0m[49m  [0m[49m  [0m[49m  [0m[49m  [0m[49m  [0m[49m  [0m[7m  [0m[7m  [0m[7m  [0m[49m  [0m[7m  [0m[7m  [0m[49m  [0m[7m  [0m[7m  [0m[49m  [0m[7m  [0m[49m  [0m[49m  [0m[49m  [0m[49m  [0m[49m  [0m[49m  [0m[49m  [0m[7m  [0m
2025-08-21 00:52:59,784 [INFO] SecureCallWebRTC: [TUNNEL] [7m  [0m[49m  [0m[7m  [0m[7m  [0m[7m  [0m[7m  [0m[7m  [0m[49m  [0m[7m  [0m[49m  [0m[49m  [0m[49m  [0m[7m  [0m[7m  [0m[7m  [0m[7m  [0m[49m  [0m[7m  [0m[7m  [0m[49m  [0m[7m  [0m[7m  [0m[7m  [0m[7m  [0m[7m  [0m[49m  [0m[7m  [0m
2025-08-21 00:52:59,785 [INFO] SecureCallWebRTC: [TUNNEL] [7m  [0m[49m  [0m[7m  [0m[49m  [0m[49m  [0m[49m  [0m[7m  [0m[49m  [0m[7m  [0m[49m  [0m[7m  [0m[7m  [0m[7m  [0m[7m  [0m[49m  [0m[7m  [0m[49m  [0m[49m  [0m[7m  [0m[49m  [0m[7m  [0m[49m  [0m[49m  [0m[49m  [0m[7m  [0m[49m  [0m[7m  [0m
2025-08-21 00:52:59,786 [INFO] SecureCallWebRTC: [TUNNEL] [7m  [0m[49m  [0m[7m  [0m[49m  [0m[49m  [0m[49m  [0m[7m  [0m[49m  [0m[7m  [0m[7m  [0m[49m  [0m[7m  [0m[7m  [0m[49m  [0m[7m  [0m[49m  [0m[7m  [0m[49m  [0m[7m  [0m[49m  [0m[7m  [0m[49m  [0m[49m  [0m[49m  [0m[7m  [0m[49m  [0m[7m  [0m
2025-08-21 00:52:59,787 [INFO] SecureCallWebRTC: [TUNNEL] [7m  [0m[49m  [0m[7m  [0m[49m  [0m[49m  [0m[49m  [0m[7m  [0m[49m  [0m[7m  [0m[49m  [0m[49m  [0m[49m  [0m[7m  [0m[49m  [0m[7m  [0m[49m  [0m[49m  [0m[7m  [0m[7m  [0m[49m  [0m[7m  [0m[49m  [0m[49m  [0m[49m  [0m[7m  [0m[49m  [0m[7m  [0m
2025-08-21 00:52:59,788 [INFO] SecureCallWebRTC: [TUNNEL] [7m  [0m[49m  [0m[7m  [0m[7m  [0m[7m  [0m[7m  [0m[7m  [0m[49m  [0m[7m  [0m[49m  [0m[7m  [0m[49m  [0m[7m  [0m[49m  [0m[7m  [0m[7m  [0m[7m  [0m[49m  [0m[7m  [0m[49m  [0m[7m  [0m[7m  [0m[7m  [0m[7m  [0m[7m  [0m[49m  [0m[7m  [0m
2025-08-21 00:52:59,789 [INFO] SecureCallWebRTC: [TUNNEL] [7m  [0m[49m  [0m[49m  [0m[49m  [0m[49m  [0m[49m  [0m[49m  [0m[49m  [0m[7m  [0m[49m  [0m[7m  [0m[49m  [0m[7m  [0m[49m  [0m[7m  [0m[49m  [0m[7m  [0m[49m  [0m[7m  [0m[49m  [0m[49m  [0m[49m  [0m[49m  [0m[49m  [0m[49m  [0m[49m  [0m[7m  [0m
2025-08-21 00:52:59,790 [INFO] SecureCallWebRTC: [TUNNEL] [7m  [0m[7m  [0m[7m  [0m[7m  [0m[7m  [0m[7m  [0m[7m  [0m[7m  [0m[7m  [0m[49m  [0m[7m  [0m[49m  [0m[49m  [0m[7m  [0m[49m  [0m[7m  [0m[7m  [0m[49m  [0m[7m  [0m[7m  [0m[7m  [0m[7m  [0m[7m  [0m[7m  [0m[7m  [0m[7m  [0m[7m  [0m
2025-08-21 00:52:59,791 [INFO] SecureCallWebRTC: [TUNNEL] [7m  [0m[49m  [0m[49m  [0m[7m  [0m[49m  [0m[7m  [0m[7m  [0m[49m  [0m[49m  [0m[7m  [0m[7m  [0m[7m  [0m[49m  [0m[49m  [0m[49m  [0m[49m  [0m[49m  [0m[7m  [0m[7m  [0m[49m  [0m[49m  [0m[49m  [0m[7m  [0m[49m  [0m[49m  [0m[7m  [0m[7m  [0m
2025-08-21 00:52:59,791 [INFO] SecureCallWebRTC: [TUNNEL] [7m  [0m[7m  [0m[7m  [0m[49m  [0m[7m  [0m[7m  [0m[49m  [0m[7m  [0m[7m  [0m[49m  [0m[49m  [0m[7m  [0m[49m  [0m[49m  [0m[7m  [0m[7m  [0m[7m  [0m[49m  [0m[49m  [0m[49m  [0m[7m  [0m[7m  [0m[7m  [0m[7m  [0m[49m  [0m[49m  [0m[7m  [0m
2025-08-21 00:52:59,792 [INFO] SecureCallWebRTC: [TUNNEL] [7m  [0m[7m  [0m[49m  [0m[49m  [0m[7m  [0m[49m  [0m[7m  [0m[49m  [0m[7m  [0m[7m  [0m[7m  [0m[7m  [0m[49m  [0m[49m  [0m[49m  [0m[7m  [0m[7m  [0m[49m  [0m[49m  [0m[7m  [0m[7m  [0m[49m  [0m[49m  [0m[7m  [0m[49m  [0m[49m  [0m[7m  [0m
2025-08-21 00:52:59,793 [INFO] SecureCallWebRTC: [TUNNEL] [7m  [0m[49m  [0m[49m  [0m[49m  [0m[7m  [0m[7m  [0m[7m  [0m[7m  [0m[49m  [0m[49m  [0m[49m  [0m[49m  [0m[49m  [0m[49m  [0m[7m  [0m[49m  [0m[49m  [0m[7m  [0m[7m  [0m[7m  [0m[49m  [0m[49m  [0m[7m  [0m[7m  [0m[7m  [0m[49m  [0m[7m  [0m
2025-08-21 00:52:59,793 [INFO] SecureCallWebRTC: [TUNNEL] [7m  [0m[7m  [0m[7m  [0m[49m  [0m[49m  [0m[7m  [0m[49m  [0m[49m  [0m[49m  [0m[49m  [0m[7m  [0m[49m  [0m[49m  [0m[7m  [0m[49m  [0m[7m  [0m[49m  [0m[49m  [0m[7m  [0m[7m  [0m[7m  [0m[49m  [0m[7m  [0m[49m  [0m[7m  [0m[7m  [0m[7m  [0m
2025-08-21 00:52:59,794 [INFO] SecureCallWebRTC: [TUNNEL] [7m  [0m[7m  [0m[7m  [0m[7m  [0m[7m  [0m[7m  [0m[49m  [0m[7m  [0m[49m  [0m[7m  [0m[49m  [0m[7m  [0m[49m  [0m[7m  [0m[7m  [0m[7m  [0m[7m  [0m[49m  [0m[49m  [0m[49m  [0m[49m  [0m[49m  [0m[7m  [0m[49m  [0m[49m  [0m[49m  [0m[7m  [0m
2025-08-21 00:52:59,795 [INFO] SecureCallWebRTC: [TUNNEL] [7m  [0m[49m  [0m[7m  [0m[49m  [0m[7m  [0m[49m  [0m[7m  [0m[49m  [0m[49m  [0m[49m  [0m[7m  [0m[49m  [0m[49m  [0m[7m  [0m[7m  [0m[49m  [0m[49m  [0m[49m  [0m[49m  [0m[49m  [0m[7m  [0m[49m  [0m[7m  [0m[7m  [0m[49m  [0m[7m  [0m[7m  [0m
2025-08-21 00:52:59,796 [INFO] SecureCallWebRTC: [TUNNEL] [7m  [0m[7m  [0m[49m  [0m[49m  [0m[49m  [0m[49m  [0m[7m  [0m[7m  [0m[7m  [0m[49m  [0m[7m  [0m[49m  [0m[49m  [0m[7m  [0m[7m  [0m[7m  [0m[49m  [0m[49m  [0m[49m  [0m[7m  [0m[49m  [0m[7m  [0m[49m  [0m[7m  [0m[7m  [0m[7m  [0m[7m  [0m
2025-08-21 00:52:59,796 [INFO] SecureCallWebRTC: [TUNNEL] [7m  [0m[49m  [0m[49m  [0m[49m  [0m[7m  [0m[49m  [0m[7m  [0m[49m  [0m[7m  [0m[49m  [0m[7m  [0m[7m  [0m[7m  [0m[49m  [0m[7m  [0m[7m  [0m[7m  [0m[49m  [0m[49m  [0m[49m  [0m[49m  [0m[49m  [0m[49m  [0m[49m  [0m[7m  [0m[49m  [0m[7m  [0m
2025-08-21 00:52:59,797 [INFO] SecureCallWebRTC: [TUNNEL] [7m  [0m[7m  [0m[7m  [0m[7m  [0m[7m  [0m[7m  [0m[7m  [0m[7m  [0m[7m  [0m[49m  [0m[7m  [0m[7m  [0m[7m  [0m[49m  [0m[49m  [0m[49m  [0m[7m  [0m[49m  [0m[7m  [0m[7m  [0m[7m  [0m[49m  [0m[7m  [0m[49m  [0m[49m  [0m[49m  [0m[7m  [0m
2025-08-21 00:52:59,798 [INFO] SecureCallWebRTC: [TUNNEL] [7m  [0m[49m  [0m[49m  [0m[49m  [0m[49m  [0m[49m  [0m[49m  [0m[49m  [0m[7m  [0m[49m  [0m[7m  [0m[7m  [0m[49m  [0m[49m  [0m[7m  [0m[49m  [0m[7m  [0m[49m  [0m[7m  [0m[49m  [0m[7m  [0m[49m  [0m[49m  [0m[49m  [0m[7m  [0m[7m  [0m[7m  [0m
2025-08-21 00:52:59,798 [INFO] SecureCallWebRTC: [TUNNEL] [7m  [0m[49m  [0m[7m  [0m[7m  [0m[7m  [0m[7m  [0m[7m  [0m[49m  [0m[7m  [0m[7m  [0m[49m  [0m[7m  [0m[7m  [0m[49m  [0m[7m  [0m[7m  [0m[49m  [0m[49m  [0m[7m  [0m[7m  [0m[7m  [0m[49m  [0m[7m  [0m[7m  [0m[7m  [0m[49m  [0m[7m  [0m
2025-08-21 00:52:59,799 [INFO] SecureCallWebRTC: [TUNNEL] [7m  [0m[49m  [0m[7m  [0m[49m  [0m[49m  [0m[49m  [0m[7m  [0m[49m  [0m[7m  [0m[7m  [0m[49m  [0m[49m  [0m[7m  [0m[7m  [0m[7m  [0m[7m  [0m[49m  [0m[49m  [0m[49m  [0m[49m  [0m[49m  [0m[49m  [0m[49m  [0m[49m  [0m[7m  [0m[7m  [0m[7m  [0m
2025-08-21 00:52:59,800 [INFO] SecureCallWebRTC: [TUNNEL] [7m  [0m[49m  [0m[7m  [0m[49m  [0m[49m  [0m[49m  [0m[7m  [0m[49m  [0m[7m  [0m[49m  [0m[49m  [0m[7m  [0m[49m  [0m[7m  [0m[7m  [0m[7m  [0m[7m  [0m[49m  [0m[49m  [0m[7m  [0m[7m  [0m[49m  [0m[49m  [0m[7m  [0m[49m  [0m[7m  [0m[7m  [0m
2025-08-21 00:52:59,801 [INFO] SecureCallWebRTC: [TUNNEL] [7m  [0m[49m  [0m[7m  [0m[49m  [0m[49m  [0m[49m  [0m[7m  [0m[49m  [0m[7m  [0m[7m  [0m[7m  [0m[49m  [0m[7m  [0m[7m  [0m[7m  [0m[7m  [0m[7m  [0m[7m  [0m[7m  [0m[49m  [0m[49m  [0m[49m  [0m[7m  [0m[7m  [0m[7m  [0m[49m  [0m[7m  [0m
2025-08-21 00:52:59,802 [INFO] SecureCallWebRTC: [TUNNEL] [7m  [0m[49m  [0m[7m  [0m[7m  [0m[7m  [0m[7m  [0m[7m  [0m[49m  [0m[7m  [0m[49m  [0m[49m  [0m[7m  [0m[7m  [0m[7m  [0m[7m  [0m[49m  [0m[7m  [0m[7m  [0m[7m  [0m[49m  [0m[49m  [0m[49m  [0m[7m  [0m[49m  [0m[7m  [0m[49m  [0m[7m  [0m
2025-08-21 00:52:59,803 [INFO] SecureCallWebRTC: [TUNNEL] [7m  [0m[49m  [0m[49m  [0m[49m  [0m[49m  [0m[49m  [0m[49m  [0m[49m  [0m[7m  [0m[49m  [0m[7m  [0m[49m  [0m[7m  [0m[49m  [0m[7m  [0m[7m  [0m[7m  [0m[49m  [0m[49m  [0m[49m  [0m[49m  [0m[49m  [0m[7m  [0m[7m  [0m[7m  [0m[49m  [0m[7m  [0m
2025-08-21 00:52:59,804 [INFO] SecureCallWebRTC: [TUNNEL] [7m  [0m[7m  [0m[7m  [0m[7m  [0m[7m  [0m[7m  [0m[7m  [0m[7m  [0m[7m  [0m[7m  [0m[7m  [0m[7m  [0m[7m  [0m[7m  [0m[7m  [0m[7m  [0m[7m  [0m[7m  [0m[7m  [0m[7m  [0m[7m  [0m[7m  [0m[7m  [0m[7m  [0m[7m  [0m[7m  [0m[7m  [0m
2025-08-21 00:53:04,311 [INFO] SecureCallWebRTC: [WS] peer joined: 8509e7c407924b0fb8ff39a288f5a94a (total=1)
2025-08-21 00:53:15,591 [INFO] SecureCallWebRTC: [WS] peer joined: 3dad074ec7414b97b30845884af59d4a (total=2)
2025-08-21 00:53:40,522 [INFO] SecureCallWebRTC: [WS] peer left: 8509e7c407924b0fb8ff39a288f5a94a (total=1)
2025-08-21 00:53:41,601 [INFO] SecureCallWebRTC: [WS] peer left: 3dad074ec7414b97b30845884af59d4a (total=0)
2025-08-21 00:55:03,242 [INFO] SecureCallWebRTC: [TUNNEL] Stopping tunnel...
2025-08-21 00:55:05,659 [INFO] SecureCallWebRTC: [BOOT] GUI ready — waiting for user to choose mode and capacity
2025-08-21 00:55:49,500 [INFO] SecureCallWebRTC: [UDP] discovery responder on 37020
2025-08-21 00:55:49,501 [INFO] SecureCallWebRTC: [HTTP] http://0.0.0.0:8790 (/, /style.css, /icon.svg, /ws, /healthz, /status) — capacity=10
2025-08-21 00:55:49,507 [INFO] SecureCallWebRTC: [TUNNEL] Starting localhost.run tunnel (this may take a few seconds)…
2025-08-21 00:55:49,512 [INFO] SecureCallWebRTC: [TUNNEL] reader started, waiting for https://<sub>.lhr.life …
2025-08-21 00:55:50,608 [INFO] SecureCallWebRTC: [TUNNEL] ===============================================================================
2025-08-21 00:55:50,609 [INFO] SecureCallWebRTC: [TUNNEL] Welcome to localhost.run!
2025-08-21 00:55:50,610 [INFO] SecureCallWebRTC: [TUNNEL] Follow your favourite reverse tunnel at [https://twitter.com/localhost_run].
2025-08-21 00:55:50,611 [INFO] SecureCallWebRTC: [TUNNEL] To set up and manage custom domains go to https://admin.localhost.run/
2025-08-21 00:55:50,612 [INFO] SecureCallWebRTC: [TUNNEL] More details on custom domains (and how to enable subdomains of your custom
2025-08-21 00:55:50,613 [INFO] SecureCallWebRTC: [TUNNEL] domain) at https://localhost.run/docs/custom-domains
2025-08-21 00:55:50,613 [INFO] SecureCallWebRTC: [TUNNEL] If you get a permission denied error check the faq for how to connect with a key or
2025-08-21 00:55:50,614 [INFO] SecureCallWebRTC: [TUNNEL] create a free tunnel without a key at [http://localhost:3000/docs/faq#generating-an-ssh-key].
2025-08-21 00:55:50,615 [INFO] SecureCallWebRTC: [TUNNEL] To explore using localhost.run visit the documentation site:
2025-08-21 00:55:50,615 [INFO] SecureCallWebRTC: [TUNNEL] https://localhost.run/docs/
2025-08-21 00:55:50,616 [INFO] SecureCallWebRTC: [TUNNEL] ===============================================================================
2025-08-21 00:55:50,617 [INFO] SecureCallWebRTC: [TUNNEL] ** your connection id is e7f79b4b-96e7-456f-bd17-6209e6147410, please mention it if you send me a message about an issue. **
2025-08-21 00:55:50,618 [INFO] SecureCallWebRTC: [TUNNEL] nudged stdin with newline
2025-08-21 00:55:51,020 [INFO] SecureCallWebRTC: [TUNNEL] authenticated as anonymous user
2025-08-21 00:55:51,026 [INFO] SecureCallWebRTC: [TUNNEL] URL: https://9525893eb185fd.lhr.life (open this on both devices)
2025-08-21 00:55:51,027 [INFO] SecureCallWebRTC: [TUNNEL] 9525893eb185fd.lhr.life tunneled with tls termination, https://9525893eb185fd.lhr.life
2025-08-21 00:55:51,028 [INFO] SecureCallWebRTC: [TUNNEL] create an account and add your key for a longer lasting domain name. see https://localhost.run/docs/forever-free/ for more information.
2025-08-21 00:55:51,028 [INFO] SecureCallWebRTC: [TUNNEL] Open your tunnel address on your mobile with this QR:
2025-08-21 00:55:51,029 [INFO] SecureCallWebRTC: [TUNNEL] [7m  [0m[7m  [0m[7m  [0m[7m  [0m[7m  [0m[7m  [0m[7m  [0m[7m  [0m[7m  [0m[7m  [0m[7m  [0m[7m  [0m[7m  [0m[7m  [0m[7m  [0m[7m  [0m[7m  [0m[7m  [0m[7m  [0m[7m  [0m[7m  [0m[7m  [0m[7m  [0m[7m  [0m[7m  [0m[7m  [0m[7m  [0m
2025-08-21 00:55:51,030 [INFO] SecureCallWebRTC: [TUNNEL] [7m  [0m[49m  [0m[49m  [0m[49m  [0m[49m  [0m[49m  [0m[49m  [0m[49m  [0m[7m  [0m[7m  [0m[7m  [0m[49m  [0m[7m  [0m[7m  [0m[49m  [0m[7m  [0m[7m  [0m[49m  [0m[7m  [0m[49m  [0m[49m  [0m[49m  [0m[49m  [0m[49m  [0m[49m  [0m[49m  [0m[7m  [0m
2025-08-21 00:55:51,031 [INFO] SecureCallWebRTC: [TUNNEL] [7m  [0m[49m  [0m[7m  [0m[7m  [0m[7m  [0m[7m  [0m[7m  [0m[49m  [0m[7m  [0m[49m  [0m[49m  [0m[49m  [0m[7m  [0m[7m  [0m[7m  [0m[7m  [0m[49m  [0m[7m  [0m[7m  [0m[49m  [0m[7m  [0m[7m  [0m[7m  [0m[7m  [0m[7m  [0m[49m  [0m[7m  [0m
2025-08-21 00:55:51,032 [INFO] SecureCallWebRTC: [TUNNEL] [7m  [0m[49m  [0m[7m  [0m[49m  [0m[49m  [0m[49m  [0m[7m  [0m[49m  [0m[7m  [0m[49m  [0m[7m  [0m[7m  [0m[7m  [0m[7m  [0m[49m  [0m[7m  [0m[49m  [0m[49m  [0m[7m  [0m[49m  [0m[7m  [0m[49m  [0m[49m  [0m[49m  [0m[7m  [0m[49m  [0m[7m  [0m
2025-08-21 00:55:51,034 [INFO] SecureCallWebRTC: [TUNNEL] [7m  [0m[49m  [0m[7m  [0m[49m  [0m[49m  [0m[49m  [0m[7m  [0m[49m  [0m[7m  [0m[7m  [0m[49m  [0m[7m  [0m[7m  [0m[49m  [0m[7m  [0m[49m  [0m[7m  [0m[49m  [0m[7m  [0m[49m  [0m[7m  [0m[49m  [0m[49m  [0m[49m  [0m[7m  [0m[49m  [0m[7m  [0m
2025-08-21 00:55:51,035 [INFO] SecureCallWebRTC: [TUNNEL] [7m  [0m[49m  [0m[7m  [0m[49m  [0m[49m  [0m[49m  [0m[7m  [0m[49m  [0m[7m  [0m[49m  [0m[49m  [0m[49m  [0m[7m  [0m[49m  [0m[7m  [0m[49m  [0m[49m  [0m[7m  [0m[7m  [0m[49m  [0m[7m  [0m[49m  [0m[49m  [0m[49m  [0m[7m  [0m[49m  [0m[7m  [0m
2025-08-21 00:55:51,036 [INFO] SecureCallWebRTC: [TUNNEL] [7m  [0m[49m  [0m[7m  [0m[7m  [0m[7m  [0m[7m  [0m[7m  [0m[49m  [0m[7m  [0m[49m  [0m[7m  [0m[49m  [0m[7m  [0m[49m  [0m[7m  [0m[7m  [0m[7m  [0m[49m  [0m[7m  [0m[49m  [0m[7m  [0m[7m  [0m[7m  [0m[7m  [0m[7m  [0m[49m  [0m[7m  [0m
2025-08-21 00:55:51,037 [INFO] SecureCallWebRTC: [TUNNEL] [7m  [0m[49m  [0m[49m  [0m[49m  [0m[49m  [0m[49m  [0m[49m  [0m[49m  [0m[7m  [0m[49m  [0m[7m  [0m[49m  [0m[7m  [0m[49m  [0m[7m  [0m[49m  [0m[7m  [0m[49m  [0m[7m  [0m[49m  [0m[49m  [0m[49m  [0m[49m  [0m[49m  [0m[49m  [0m[49m  [0m[7m  [0m
2025-08-21 00:55:51,038 [INFO] SecureCallWebRTC: [TUNNEL] [7m  [0m[7m  [0m[7m  [0m[7m  [0m[7m  [0m[7m  [0m[7m  [0m[7m  [0m[7m  [0m[49m  [0m[7m  [0m[49m  [0m[49m  [0m[7m  [0m[49m  [0m[7m  [0m[7m  [0m[49m  [0m[7m  [0m[7m  [0m[7m  [0m[7m  [0m[7m  [0m[7m  [0m[7m  [0m[7m  [0m[7m  [0m
2025-08-21 00:55:51,039 [INFO] SecureCallWebRTC: [TUNNEL] [7m  [0m[49m  [0m[49m  [0m[7m  [0m[49m  [0m[7m  [0m[7m  [0m[49m  [0m[49m  [0m[7m  [0m[7m  [0m[7m  [0m[49m  [0m[49m  [0m[49m  [0m[49m  [0m[49m  [0m[7m  [0m[7m  [0m[49m  [0m[49m  [0m[49m  [0m[7m  [0m[49m  [0m[49m  [0m[7m  [0m[7m  [0m
2025-08-21 00:55:51,041 [INFO] SecureCallWebRTC: [TUNNEL] [7m  [0m[49m  [0m[7m  [0m[7m  [0m[49m  [0m[7m  [0m[7m  [0m[7m  [0m[49m  [0m[49m  [0m[49m  [0m[7m  [0m[49m  [0m[49m  [0m[7m  [0m[7m  [0m[7m  [0m[7m  [0m[49m  [0m[7m  [0m[7m  [0m[49m  [0m[7m  [0m[7m  [0m[49m  [0m[49m  [0m[7m  [0m
2025-08-21 00:55:51,042 [INFO] SecureCallWebRTC: [TUNNEL] [7m  [0m[7m  [0m[49m  [0m[49m  [0m[49m  [0m[49m  [0m[7m  [0m[49m  [0m[7m  [0m[49m  [0m[7m  [0m[7m  [0m[49m  [0m[49m  [0m[49m  [0m[7m  [0m[7m  [0m[7m  [0m[49m  [0m[49m  [0m[7m  [0m[49m  [0m[49m  [0m[7m  [0m[49m  [0m[49m  [0m[7m  [0m
2025-08-21 00:55:51,043 [INFO] SecureCallWebRTC: [TUNNEL] [7m  [0m[49m  [0m[49m  [0m[7m  [0m[49m  [0m[49m  [0m[7m  [0m[7m  [0m[49m  [0m[7m  [0m[49m  [0m[49m  [0m[49m  [0m[49m  [0m[7m  [0m[49m  [0m[49m  [0m[49m  [0m[7m  [0m[7m  [0m[7m  [0m[49m  [0m[7m  [0m[7m  [0m[7m  [0m[49m  [0m[7m  [0m
2025-08-21 00:55:51,045 [INFO] SecureCallWebRTC: [TUNNEL] [7m  [0m[49m  [0m[7m  [0m[49m  [0m[7m  [0m[49m  [0m[7m  [0m[49m  [0m[49m  [0m[49m  [0m[7m  [0m[49m  [0m[49m  [0m[7m  [0m[49m  [0m[7m  [0m[49m  [0m[49m  [0m[49m  [0m[49m  [0m[7m  [0m[7m  [0m[7m  [0m[49m  [0m[7m  [0m[7m  [0m[7m  [0m
2025-08-21 00:55:51,046 [INFO] SecureCallWebRTC: [TUNNEL] [7m  [0m[7m  [0m[7m  [0m[7m  [0m[7m  [0m[49m  [0m[7m  [0m[7m  [0m[49m  [0m[7m  [0m[7m  [0m[7m  [0m[49m  [0m[7m  [0m[7m  [0m[7m  [0m[7m  [0m[49m  [0m[49m  [0m[7m  [0m[49m  [0m[49m  [0m[7m  [0m[49m  [0m[49m  [0m[49m  [0m[7m  [0m
2025-08-21 00:55:51,047 [INFO] SecureCallWebRTC: [TUNNEL] [7m  [0m[49m  [0m[7m  [0m[7m  [0m[7m  [0m[49m  [0m[7m  [0m[49m  [0m[7m  [0m[7m  [0m[49m  [0m[49m  [0m[49m  [0m[7m  [0m[7m  [0m[49m  [0m[49m  [0m[49m  [0m[49m  [0m[7m  [0m[49m  [0m[49m  [0m[7m  [0m[7m  [0m[49m  [0m[7m  [0m[7m  [0m
2025-08-21 00:55:51,049 [INFO] SecureCallWebRTC: [TUNNEL] [7m  [0m[7m  [0m[49m  [0m[7m  [0m[7m  [0m[7m  [0m[49m  [0m[7m  [0m[7m  [0m[49m  [0m[49m  [0m[7m  [0m[49m  [0m[7m  [0m[7m  [0m[7m  [0m[7m  [0m[7m  [0m[49m  [0m[49m  [0m[49m  [0m[49m  [0m[49m  [0m[7m  [0m[7m  [0m[7m  [0m[7m  [0m
2025-08-21 00:55:51,050 [INFO] SecureCallWebRTC: [TUNNEL] [7m  [0m[49m  [0m[49m  [0m[49m  [0m[49m  [0m[49m  [0m[49m  [0m[49m  [0m[7m  [0m[49m  [0m[7m  [0m[7m  [0m[7m  [0m[49m  [0m[7m  [0m[7m  [0m[49m  [0m[49m  [0m[49m  [0m[49m  [0m[49m  [0m[49m  [0m[49m  [0m[49m  [0m[7m  [0m[49m  [0m[7m  [0m
2025-08-21 00:55:51,051 [INFO] SecureCallWebRTC: [TUNNEL] [7m  [0m[7m  [0m[7m  [0m[7m  [0m[7m  [0m[7m  [0m[7m  [0m[7m  [0m[7m  [0m[49m  [0m[49m  [0m[49m  [0m[7m  [0m[49m  [0m[49m  [0m[49m  [0m[7m  [0m[49m  [0m[7m  [0m[7m  [0m[7m  [0m[49m  [0m[7m  [0m[49m  [0m[49m  [0m[49m  [0m[7m  [0m
2025-08-21 00:55:51,053 [INFO] SecureCallWebRTC: [TUNNEL] [7m  [0m[49m  [0m[49m  [0m[49m  [0m[49m  [0m[49m  [0m[49m  [0m[49m  [0m[7m  [0m[49m  [0m[7m  [0m[7m  [0m[49m  [0m[49m  [0m[7m  [0m[49m  [0m[7m  [0m[49m  [0m[7m  [0m[49m  [0m[7m  [0m[49m  [0m[49m  [0m[49m  [0m[7m  [0m[7m  [0m[7m  [0m
2025-08-21 00:55:51,054 [INFO] SecureCallWebRTC: [TUNNEL] [7m  [0m[49m  [0m[7m  [0m[7m  [0m[7m  [0m[7m  [0m[7m  [0m[49m  [0m[7m  [0m[7m  [0m[49m  [0m[7m  [0m[7m  [0m[49m  [0m[7m  [0m[7m  [0m[7m  [0m[49m  [0m[7m  [0m[7m  [0m[7m  [0m[49m  [0m[7m  [0m[7m  [0m[7m  [0m[49m  [0m[7m  [0m
2025-08-21 00:55:51,055 [INFO] SecureCallWebRTC: [TUNNEL] [7m  [0m[49m  [0m[7m  [0m[49m  [0m[49m  [0m[49m  [0m[7m  [0m[49m  [0m[7m  [0m[7m  [0m[49m  [0m[49m  [0m[7m  [0m[7m  [0m[7m  [0m[7m  [0m[49m  [0m[49m  [0m[49m  [0m[49m  [0m[49m  [0m[49m  [0m[49m  [0m[49m  [0m[7m  [0m[7m  [0m[7m  [0m
2025-08-21 00:55:51,057 [INFO] SecureCallWebRTC: [TUNNEL] [7m  [0m[49m  [0m[7m  [0m[49m  [0m[49m  [0m[49m  [0m[7m  [0m[49m  [0m[7m  [0m[49m  [0m[7m  [0m[49m  [0m[49m  [0m[7m  [0m[7m  [0m[7m  [0m[49m  [0m[49m  [0m[49m  [0m[49m  [0m[49m  [0m[7m  [0m[49m  [0m[7m  [0m[49m  [0m[7m  [0m[7m  [0m
2025-08-21 00:55:51,058 [INFO] SecureCallWebRTC: [TUNNEL] [7m  [0m[49m  [0m[7m  [0m[49m  [0m[49m  [0m[49m  [0m[7m  [0m[49m  [0m[7m  [0m[7m  [0m[49m  [0m[49m  [0m[7m  [0m[7m  [0m[7m  [0m[7m  [0m[7m  [0m[7m  [0m[49m  [0m[49m  [0m[49m  [0m[49m  [0m[49m  [0m[7m  [0m[7m  [0m[49m  [0m[7m  [0m
2025-08-21 00:55:51,059 [INFO] SecureCallWebRTC: [TUNNEL] [7m  [0m[49m  [0m[7m  [0m[7m  [0m[7m  [0m[7m  [0m[7m  [0m[49m  [0m[7m  [0m[49m  [0m[49m  [0m[49m  [0m[7m  [0m[7m  [0m[7m  [0m[49m  [0m[49m  [0m[7m  [0m[49m  [0m[49m  [0m[49m  [0m[7m  [0m[49m  [0m[49m  [0m[7m  [0m[49m  [0m[7m  [0m
2025-08-21 00:55:51,060 [INFO] SecureCallWebRTC: [TUNNEL] [7m  [0m[49m  [0m[49m  [0m[49m  [0m[49m  [0m[49m  [0m[49m  [0m[49m  [0m[7m  [0m[49m  [0m[49m  [0m[7m  [0m[7m  [0m[49m  [0m[7m  [0m[7m  [0m[7m  [0m[49m  [0m[49m  [0m[7m  [0m[7m  [0m[7m  [0m[49m  [0m[49m  [0m[7m  [0m[49m  [0m[7m  [0m
2025-08-21 00:55:51,061 [INFO] SecureCallWebRTC: [TUNNEL] [7m  [0m[7m  [0m[7m  [0m[7m  [0m[7m  [0m[7m  [0m[7m  [0m[7m  [0m[7m  [0m[7m  [0m[7m  [0m[7m  [0m[7m  [0m[7m  [0m[7m  [0m[7m  [0m[7m  [0m[7m  [0m[7m  [0m[7m  [0m[7m  [0m[7m  [0m[7m  [0m[7m  [0m[7m  [0m[7m  [0m[7m  [0m
2025-08-21 00:55:53,630 [INFO] SecureCallWebRTC: [TUNNEL] Stopping tunnel...
2025-08-21 01:02:12,723 [INFO] SecureCallWebRTC: [BOOT] GUI ready — waiting for user to choose mode and capacity
2025-08-21 01:02:15,744 [INFO] SecureCallWebRTC: [UDP] discovery responder on 37020
2025-08-21 01:02:15,746 [INFO] SecureCallWebRTC: [HTTP] http://0.0.0.0:8790 (/, /style.css, /icon.svg, /ws, /healthz, /status) — capacity=2
2025-08-21 01:02:15,754 [INFO] SecureCallWebRTC: [TUNNEL] Starting localhost.run tunnel (this may take a few seconds)…
2025-08-21 01:02:15,759 [INFO] SecureCallWebRTC: [TUNNEL] reader started, waiting for https://<sub>.lhr.life …
2025-08-21 01:02:16,882 [INFO] SecureCallWebRTC: [TUNNEL] ===============================================================================
2025-08-21 01:02:16,883 [INFO] SecureCallWebRTC: [TUNNEL] Welcome to localhost.run!
2025-08-21 01:02:16,884 [INFO] SecureCallWebRTC: [TUNNEL] Follow your favourite reverse tunnel at [https://twitter.com/localhost_run].
2025-08-21 01:02:16,885 [INFO] SecureCallWebRTC: [TUNNEL] To set up and manage custom domains go to https://admin.localhost.run/
2025-08-21 01:02:16,885 [INFO] SecureCallWebRTC: [TUNNEL] More details on custom domains (and how to enable subdomains of your custom
2025-08-21 01:02:16,886 [INFO] SecureCallWebRTC: [TUNNEL] domain) at https://localhost.run/docs/custom-domains
2025-08-21 01:02:16,887 [INFO] SecureCallWebRTC: [TUNNEL] If you get a permission denied error check the faq for how to connect with a key or
2025-08-21 01:02:16,888 [INFO] SecureCallWebRTC: [TUNNEL] create a free tunnel without a key at [http://localhost:3000/docs/faq#generating-an-ssh-key].
2025-08-21 01:02:16,888 [INFO] SecureCallWebRTC: [TUNNEL] To explore using localhost.run visit the documentation site:
2025-08-21 01:02:16,889 [INFO] SecureCallWebRTC: [TUNNEL] https://localhost.run/docs/
2025-08-21 01:02:16,890 [INFO] SecureCallWebRTC: [TUNNEL] ===============================================================================
2025-08-21 01:02:16,891 [INFO] SecureCallWebRTC: [TUNNEL] ** your connection id is 58f59d36-4edc-4ebf-a326-cf88fc9f1aa5, please mention it if you send me a message about an issue. **
2025-08-21 01:02:16,891 [INFO] SecureCallWebRTC: [TUNNEL] nudged stdin with newline
2025-08-21 01:02:17,291 [INFO] SecureCallWebRTC: [TUNNEL] authenticated as anonymous user
2025-08-21 01:02:17,342 [INFO] SecureCallWebRTC: [TUNNEL] URL: https://b11f7167a2f8a8.lhr.life (open this on both devices)
2025-08-21 01:02:17,343 [INFO] SecureCallWebRTC: [TUNNEL] b11f7167a2f8a8.lhr.life tunneled with tls termination, https://b11f7167a2f8a8.lhr.life
2025-08-21 01:02:17,343 [INFO] SecureCallWebRTC: [TUNNEL] create an account and add your key for a longer lasting domain name. see https://localhost.run/docs/forever-free/ for more information.
2025-08-21 01:02:17,344 [INFO] SecureCallWebRTC: [TUNNEL] Open your tunnel address on your mobile with this QR:
2025-08-21 01:02:17,345 [INFO] SecureCallWebRTC: [TUNNEL] [7m  [0m[7m  [0m[7m  [0m[7m  [0m[7m  [0m[7m  [0m[7m  [0m[7m  [0m[7m  [0m[7m  [0m[7m  [0m[7m  [0m[7m  [0m[7m  [0m[7m  [0m[7m  [0m[7m  [0m[7m  [0m[7m  [0m[7m  [0m[7m  [0m[7m  [0m[7m  [0m[7m  [0m[7m  [0m[7m  [0m[7m  [0m
2025-08-21 01:02:17,346 [INFO] SecureCallWebRTC: [TUNNEL] [7m  [0m[49m  [0m[49m  [0m[49m  [0m[49m  [0m[49m  [0m[49m  [0m[49m  [0m[7m  [0m[7m  [0m[7m  [0m[49m  [0m[7m  [0m[7m  [0m[49m  [0m[7m  [0m[7m  [0m[49m  [0m[7m  [0m[49m  [0m[49m  [0m[49m  [0m[49m  [0m[49m  [0m[49m  [0m[49m  [0m[7m  [0m
2025-08-21 01:02:17,347 [INFO] SecureCallWebRTC: [TUNNEL] [7m  [0m[49m  [0m[7m  [0m[7m  [0m[7m  [0m[7m  [0m[7m  [0m[49m  [0m[7m  [0m[7m  [0m[49m  [0m[7m  [0m[7m  [0m[7m  [0m[49m  [0m[7m  [0m[49m  [0m[49m  [0m[7m  [0m[49m  [0m[7m  [0m[7m  [0m[7m  [0m[7m  [0m[7m  [0m[49m  [0m[7m  [0m
2025-08-21 01:02:17,348 [INFO] SecureCallWebRTC: [TUNNEL] [7m  [0m[49m  [0m[7m  [0m[49m  [0m[49m  [0m[49m  [0m[7m  [0m[49m  [0m[7m  [0m[49m  [0m[7m  [0m[7m  [0m[49m  [0m[7m  [0m[49m  [0m[49m  [0m[49m  [0m[49m  [0m[7m  [0m[49m  [0m[7m  [0m[49m  [0m[49m  [0m[49m  [0m[7m  [0m[49m  [0m[7m  [0m
2025-08-21 01:02:17,349 [INFO] SecureCallWebRTC: [TUNNEL] [7m  [0m[49m  [0m[7m  [0m[49m  [0m[49m  [0m[49m  [0m[7m  [0m[49m  [0m[7m  [0m[7m  [0m[49m  [0m[7m  [0m[7m  [0m[49m  [0m[7m  [0m[49m  [0m[7m  [0m[49m  [0m[7m  [0m[49m  [0m[7m  [0m[49m  [0m[49m  [0m[49m  [0m[7m  [0m[49m  [0m[7m  [0m
2025-08-21 01:02:17,351 [INFO] SecureCallWebRTC: [TUNNEL] [7m  [0m[49m  [0m[7m  [0m[49m  [0m[49m  [0m[49m  [0m[7m  [0m[49m  [0m[7m  [0m[7m  [0m[49m  [0m[7m  [0m[7m  [0m[49m  [0m[49m  [0m[49m  [0m[49m  [0m[49m  [0m[7m  [0m[49m  [0m[7m  [0m[49m  [0m[49m  [0m[49m  [0m[7m  [0m[49m  [0m[7m  [0m
2025-08-21 01:02:17,352 [INFO] SecureCallWebRTC: [TUNNEL] [7m  [0m[49m  [0m[7m  [0m[7m  [0m[7m  [0m[7m  [0m[7m  [0m[49m  [0m[7m  [0m[7m  [0m[7m  [0m[49m  [0m[49m  [0m[49m  [0m[7m  [0m[49m  [0m[7m  [0m[49m  [0m[7m  [0m[49m  [0m[7m  [0m[7m  [0m[7m  [0m[7m  [0m[7m  [0m[49m  [0m[7m  [0m
2025-08-21 01:02:17,353 [INFO] SecureCallWebRTC: [TUNNEL] [7m  [0m[49m  [0m[49m  [0m[49m  [0m[49m  [0m[49m  [0m[49m  [0m[49m  [0m[7m  [0m[49m  [0m[7m  [0m[49m  [0m[7m  [0m[49m  [0m[7m  [0m[49m  [0m[7m  [0m[49m  [0m[7m  [0m[49m  [0m[49m  [0m[49m  [0m[49m  [0m[49m  [0m[49m  [0m[49m  [0m[7m  [0m
2025-08-21 01:02:17,355 [INFO] SecureCallWebRTC: [TUNNEL] [7m  [0m[7m  [0m[7m  [0m[7m  [0m[7m  [0m[7m  [0m[7m  [0m[7m  [0m[7m  [0m[49m  [0m[7m  [0m[7m  [0m[49m  [0m[7m  [0m[7m  [0m[7m  [0m[7m  [0m[7m  [0m[7m  [0m[7m  [0m[7m  [0m[7m  [0m[7m  [0m[7m  [0m[7m  [0m[7m  [0m[7m  [0m
2025-08-21 01:02:17,356 [INFO] SecureCallWebRTC: [TUNNEL] [7m  [0m[49m  [0m[49m  [0m[49m  [0m[7m  [0m[49m  [0m[49m  [0m[49m  [0m[49m  [0m[49m  [0m[7m  [0m[7m  [0m[7m  [0m[49m  [0m[49m  [0m[7m  [0m[49m  [0m[7m  [0m[49m  [0m[49m  [0m[7m  [0m[7m  [0m[7m  [0m[49m  [0m[7m  [0m[7m  [0m[7m  [0m
2025-08-21 01:02:17,357 [INFO] SecureCallWebRTC: [TUNNEL] [7m  [0m[49m  [0m[7m  [0m[7m  [0m[49m  [0m[7m  [0m[7m  [0m[7m  [0m[49m  [0m[7m  [0m[49m  [0m[7m  [0m[49m  [0m[49m  [0m[7m  [0m[7m  [0m[7m  [0m[7m  [0m[7m  [0m[49m  [0m[7m  [0m[49m  [0m[7m  [0m[7m  [0m[49m  [0m[49m  [0m[7m  [0m
2025-08-21 01:02:17,358 [INFO] SecureCallWebRTC: [TUNNEL] [7m  [0m[49m  [0m[49m  [0m[7m  [0m[7m  [0m[49m  [0m[7m  [0m[49m  [0m[49m  [0m[49m  [0m[7m  [0m[49m  [0m[49m  [0m[49m  [0m[7m  [0m[7m  [0m[49m  [0m[49m  [0m[7m  [0m[49m  [0m[7m  [0m[49m  [0m[49m  [0m[49m  [0m[49m  [0m[49m  [0m[7m  [0m
2025-08-21 01:02:17,360 [INFO] SecureCallWebRTC: [TUNNEL] [7m  [0m[7m  [0m[7m  [0m[7m  [0m[7m  [0m[7m  [0m[7m  [0m[7m  [0m[49m  [0m[7m  [0m[49m  [0m[49m  [0m[7m  [0m[49m  [0m[7m  [0m[7m  [0m[7m  [0m[7m  [0m[49m  [0m[7m  [0m[7m  [0m[7m  [0m[7m  [0m[7m  [0m[49m  [0m[49m  [0m[7m  [0m
2025-08-21 01:02:17,361 [INFO] SecureCallWebRTC: [TUNNEL] [7m  [0m[49m  [0m[7m  [0m[49m  [0m[7m  [0m[49m  [0m[7m  [0m[49m  [0m[7m  [0m[7m  [0m[7m  [0m[49m  [0m[49m  [0m[7m  [0m[49m  [0m[7m  [0m[7m  [0m[7m  [0m[7m  [0m[7m  [0m[7m  [0m[49m  [0m[7m  [0m[49m  [0m[7m  [0m[7m  [0m[7m  [0m
2025-08-21 01:02:17,362 [INFO] SecureCallWebRTC: [TUNNEL] [7m  [0m[7m  [0m[7m  [0m[7m  [0m[49m  [0m[7m  [0m[49m  [0m[7m  [0m[7m  [0m[49m  [0m[7m  [0m[49m  [0m[49m  [0m[7m  [0m[49m  [0m[7m  [0m[7m  [0m[49m  [0m[49m  [0m[7m  [0m[49m  [0m[49m  [0m[7m  [0m[7m  [0m[49m  [0m[49m  [0m[7m  [0m
2025-08-21 01:02:17,363 [INFO] SecureCallWebRTC: [TUNNEL] [7m  [0m[49m  [0m[7m  [0m[49m  [0m[7m  [0m[7m  [0m[49m  [0m[49m  [0m[7m  [0m[49m  [0m[49m  [0m[49m  [0m[7m  [0m[7m  [0m[7m  [0m[7m  [0m[7m  [0m[49m  [0m[7m  [0m[7m  [0m[49m  [0m[7m  [0m[7m  [0m[7m  [0m[7m  [0m[7m  [0m[7m  [0m
2025-08-21 01:02:17,364 [INFO] SecureCallWebRTC: [TUNNEL] [7m  [0m[7m  [0m[49m  [0m[49m  [0m[7m  [0m[49m  [0m[49m  [0m[7m  [0m[7m  [0m[49m  [0m[7m  [0m[7m  [0m[49m  [0m[7m  [0m[7m  [0m[7m  [0m[7m  [0m[49m  [0m[49m  [0m[49m  [0m[7m  [0m[7m  [0m[49m  [0m[7m  [0m[7m  [0m[7m  [0m[7m  [0m
2025-08-21 01:02:17,365 [INFO] SecureCallWebRTC: [TUNNEL] [7m  [0m[49m  [0m[7m  [0m[49m  [0m[7m  [0m[49m  [0m[49m  [0m[49m  [0m[7m  [0m[49m  [0m[49m  [0m[49m  [0m[7m  [0m[49m  [0m[49m  [0m[7m  [0m[7m  [0m[49m  [0m[49m  [0m[49m  [0m[49m  [0m[49m  [0m[49m  [0m[7m  [0m[7m  [0m[49m  [0m[7m  [0m
2025-08-21 01:02:17,366 [INFO] SecureCallWebRTC: [TUNNEL] [7m  [0m[7m  [0m[7m  [0m[7m  [0m[7m  [0m[7m  [0m[7m  [0m[7m  [0m[7m  [0m[49m  [0m[7m  [0m[49m  [0m[49m  [0m[49m  [0m[49m  [0m[7m  [0m[7m  [0m[49m  [0m[7m  [0m[7m  [0m[7m  [0m[49m  [0m[7m  [0m[49m  [0m[7m  [0m[49m  [0m[7m  [0m
2025-08-21 01:02:17,367 [INFO] SecureCallWebRTC: [TUNNEL] [7m  [0m[49m  [0m[49m  [0m[49m  [0m[49m  [0m[49m  [0m[49m  [0m[49m  [0m[7m  [0m[49m  [0m[49m  [0m[7m  [0m[49m  [0m[49m  [0m[7m  [0m[49m  [0m[7m  [0m[49m  [0m[7m  [0m[49m  [0m[7m  [0m[49m  [0m[49m  [0m[49m  [0m[7m  [0m[7m  [0m[7m  [0m
2025-08-21 01:02:17,368 [INFO] SecureCallWebRTC: [TUNNEL] [7m  [0m[49m  [0m[7m  [0m[7m  [0m[7m  [0m[7m  [0m[7m  [0m[49m  [0m[7m  [0m[49m  [0m[49m  [0m[7m  [0m[7m  [0m[49m  [0m[49m  [0m[7m  [0m[7m  [0m[49m  [0m[7m  [0m[7m  [0m[7m  [0m[49m  [0m[7m  [0m[49m  [0m[7m  [0m[49m  [0m[7m  [0m
2025-08-21 01:02:17,369 [INFO] SecureCallWebRTC: [TUNNEL] [7m  [0m[49m  [0m[7m  [0m[49m  [0m[49m  [0m[49m  [0m[7m  [0m[49m  [0m[7m  [0m[49m  [0m[7m  [0m[7m  [0m[49m  [0m[7m  [0m[7m  [0m[49m  [0m[7m  [0m[49m  [0m[49m  [0m[49m  [0m[49m  [0m[49m  [0m[49m  [0m[49m  [0m[49m  [0m[7m  [0m[7m  [0m
2025-08-21 01:02:17,370 [INFO] SecureCallWebRTC: [TUNNEL] [7m  [0m[49m  [0m[7m  [0m[49m  [0m[49m  [0m[49m  [0m[7m  [0m[49m  [0m[7m  [0m[7m  [0m[49m  [0m[49m  [0m[49m  [0m[7m  [0m[7m  [0m[7m  [0m[7m  [0m[7m  [0m[49m  [0m[49m  [0m[49m  [0m[7m  [0m[49m  [0m[7m  [0m[49m  [0m[7m  [0m[7m  [0m
2025-08-21 01:02:17,371 [INFO] SecureCallWebRTC: [TUNNEL] [7m  [0m[49m  [0m[7m  [0m[49m  [0m[49m  [0m[49m  [0m[7m  [0m[49m  [0m[7m  [0m[49m  [0m[49m  [0m[7m  [0m[7m  [0m[7m  [0m[49m  [0m[7m  [0m[49m  [0m[49m  [0m[49m  [0m[49m  [0m[7m  [0m[49m  [0m[49m  [0m[49m  [0m[7m  [0m[49m  [0m[7m  [0m
2025-08-21 01:02:17,372 [INFO] SecureCallWebRTC: [TUNNEL] [7m  [0m[49m  [0m[7m  [0m[7m  [0m[7m  [0m[7m  [0m[7m  [0m[49m  [0m[7m  [0m[49m  [0m[7m  [0m[7m  [0m[49m  [0m[7m  [0m[7m  [0m[7m  [0m[49m  [0m[7m  [0m[7m  [0m[49m  [0m[49m  [0m[7m  [0m[7m  [0m[49m  [0m[49m  [0m[49m  [0m[7m  [0m
2025-08-21 01:02:17,373 [INFO] SecureCallWebRTC: [TUNNEL] [7m  [0m[49m  [0m[49m  [0m[49m  [0m[49m  [0m[49m  [0m[49m  [0m[49m  [0m[7m  [0m[49m  [0m[49m  [0m[49m  [0m[7m  [0m[49m  [0m[7m  [0m[7m  [0m[49m  [0m[49m  [0m[7m  [0m[49m  [0m[7m  [0m[49m  [0m[49m  [0m[7m  [0m[7m  [0m[49m  [0m[7m  [0m
2025-08-21 01:02:17,374 [INFO] SecureCallWebRTC: [TUNNEL] [7m  [0m[7m  [0m[7m  [0m[7m  [0m[7m  [0m[7m  [0m[7m  [0m[7m  [0m[7m  [0m[7m  [0m[7m  [0m[7m  [0m[7m  [0m[7m  [0m[7m  [0m[7m  [0m[7m  [0m[7m  [0m[7m  [0m[7m  [0m[7m  [0m[7m  [0m[7m  [0m[7m  [0m[7m  [0m[7m  [0m[7m  [0m
2025-08-21 01:02:22,053 [INFO] SecureCallWebRTC: [WS] peer joined: 21755093aa424e2787e7f35270ea20f6 (total=1)
2025-08-21 01:02:43,555 [INFO] SecureCallWebRTC: [WS] peer joined: ed91e40255f349b899c86300e3b8a879 (total=2)
2025-08-21 01:02:59,893 [INFO] SecureCallWebRTC: [WS] peer left: ed91e40255f349b899c86300e3b8a879 (total=1)
2025-08-21 01:03:06,429 [INFO] SecureCallWebRTC: [WS] peer joined: 6988fbe9f82d42bebed0fb11b2a46e26 (total=2)
2025-08-21 01:03:15,132 [INFO] SecureCallWebRTC: [WS] peer left: 6988fbe9f82d42bebed0fb11b2a46e26 (total=1)
2025-08-21 01:03:19,420 [INFO] SecureCallWebRTC: [TUNNEL] Stopping tunnel...
2025-08-21 01:03:22,343 [INFO] SecureCallWebRTC: [BOOT] GUI ready — waiting for user to choose mode and capacity
2025-08-21 01:03:23,963 [INFO] SecureCallWebRTC: [UDP] discovery responder on 37020
2025-08-21 01:03:23,964 [INFO] SecureCallWebRTC: [HTTP] http://0.0.0.0:8790 (/, /style.css, /icon.svg, /ws, /healthz, /status) — capacity=2
2025-08-21 01:03:23,970 [INFO] SecureCallWebRTC: [TUNNEL] Starting localhost.run tunnel (this may take a few seconds)…
2025-08-21 01:03:23,975 [INFO] SecureCallWebRTC: [TUNNEL] reader started, waiting for https://<sub>.lhr.life …
2025-08-21 01:03:25,045 [INFO] SecureCallWebRTC: [TUNNEL] ===============================================================================
2025-08-21 01:03:25,046 [INFO] SecureCallWebRTC: [TUNNEL] Welcome to localhost.run!
2025-08-21 01:03:25,046 [INFO] SecureCallWebRTC: [TUNNEL] Follow your favourite reverse tunnel at [https://twitter.com/localhost_run].
2025-08-21 01:03:25,047 [INFO] SecureCallWebRTC: [TUNNEL] To set up and manage custom domains go to https://admin.localhost.run/
2025-08-21 01:03:25,048 [INFO] SecureCallWebRTC: [TUNNEL] More details on custom domains (and how to enable subdomains of your custom
2025-08-21 01:03:25,048 [INFO] SecureCallWebRTC: [TUNNEL] domain) at https://localhost.run/docs/custom-domains
2025-08-21 01:03:25,049 [INFO] SecureCallWebRTC: [TUNNEL] If you get a permission denied error check the faq for how to connect with a key or
2025-08-21 01:03:25,050 [INFO] SecureCallWebRTC: [TUNNEL] create a free tunnel without a key at [http://localhost:3000/docs/faq#generating-an-ssh-key].
2025-08-21 01:03:25,050 [INFO] SecureCallWebRTC: [TUNNEL] To explore using localhost.run visit the documentation site:
2025-08-21 01:03:25,051 [INFO] SecureCallWebRTC: [TUNNEL] https://localhost.run/docs/
2025-08-21 01:03:25,051 [INFO] SecureCallWebRTC: [TUNNEL] ===============================================================================
2025-08-21 01:03:25,094 [INFO] SecureCallWebRTC: [TUNNEL] ** your connection id is fdbf37e7-1374-478d-89f4-431ae5949acd, please mention it if you send me a message about an issue. **
2025-08-21 01:03:25,095 [INFO] SecureCallWebRTC: [TUNNEL] nudged stdin with newline
2025-08-21 01:03:25,504 [INFO] SecureCallWebRTC: [TUNNEL] authenticated as anonymous user
2025-08-21 01:03:25,615 [INFO] SecureCallWebRTC: [TUNNEL] URL: https://d3ab06f15c13d8.lhr.life (open this on both devices)
2025-08-21 01:03:25,616 [INFO] SecureCallWebRTC: [TUNNEL] d3ab06f15c13d8.lhr.life tunneled with tls termination, https://d3ab06f15c13d8.lhr.life
2025-08-21 01:03:25,617 [INFO] SecureCallWebRTC: [TUNNEL] create an account and add your key for a longer lasting domain name. see https://localhost.run/docs/forever-free/ for more information.
2025-08-21 01:03:25,618 [INFO] SecureCallWebRTC: [TUNNEL] Open your tunnel address on your mobile with this QR:
2025-08-21 01:03:25,619 [INFO] SecureCallWebRTC: [TUNNEL] [7m  [0m[7m  [0m[7m  [0m[7m  [0m[7m  [0m[7m  [0m[7m  [0m[7m  [0m[7m  [0m[7m  [0m[7m  [0m[7m  [0m[7m  [0m[7m  [0m[7m  [0m[7m  [0m[7m  [0m[7m  [0m[7m  [0m[7m  [0m[7m  [0m[7m  [0m[7m  [0m[7m  [0m[7m  [0m[7m  [0m[7m  [0m
2025-08-21 01:03:25,620 [INFO] SecureCallWebRTC: [TUNNEL] [7m  [0m[49m  [0m[49m  [0m[49m  [0m[49m  [0m[49m  [0m[49m  [0m[49m  [0m[7m  [0m[7m  [0m[7m  [0m[49m  [0m[7m  [0m[7m  [0m[49m  [0m[7m  [0m[7m  [0m[49m  [0m[7m  [0m[49m  [0m[49m  [0m[49m  [0m[49m  [0m[49m  [0m[49m  [0m[49m  [0m[7m  [0m
2025-08-21 01:03:25,621 [INFO] SecureCallWebRTC: [TUNNEL] [7m  [0m[49m  [0m[7m  [0m[7m  [0m[7m  [0m[7m  [0m[7m  [0m[49m  [0m[7m  [0m[49m  [0m[49m  [0m[49m  [0m[7m  [0m[7m  [0m[7m  [0m[7m  [0m[49m  [0m[7m  [0m[7m  [0m[49m  [0m[7m  [0m[7m  [0m[7m  [0m[7m  [0m[7m  [0m[49m  [0m[7m  [0m
2025-08-21 01:03:25,623 [INFO] SecureCallWebRTC: [TUNNEL] [7m  [0m[49m  [0m[7m  [0m[49m  [0m[49m  [0m[49m  [0m[7m  [0m[49m  [0m[7m  [0m[49m  [0m[7m  [0m[7m  [0m[7m  [0m[7m  [0m[49m  [0m[7m  [0m[49m  [0m[49m  [0m[7m  [0m[49m  [0m[7m  [0m[49m  [0m[49m  [0m[49m  [0m[7m  [0m[49m  [0m[7m  [0m
2025-08-21 01:03:25,624 [INFO] SecureCallWebRTC: [TUNNEL] [7m  [0m[49m  [0m[7m  [0m[49m  [0m[49m  [0m[49m  [0m[7m  [0m[49m  [0m[7m  [0m[7m  [0m[49m  [0m[7m  [0m[7m  [0m[49m  [0m[7m  [0m[49m  [0m[7m  [0m[49m  [0m[7m  [0m[49m  [0m[7m  [0m[49m  [0m[49m  [0m[49m  [0m[7m  [0m[49m  [0m[7m  [0m
2025-08-21 01:03:25,625 [INFO] SecureCallWebRTC: [TUNNEL] [7m  [0m[49m  [0m[7m  [0m[49m  [0m[49m  [0m[49m  [0m[7m  [0m[49m  [0m[7m  [0m[49m  [0m[49m  [0m[49m  [0m[7m  [0m[49m  [0m[7m  [0m[49m  [0m[49m  [0m[7m  [0m[7m  [0m[49m  [0m[7m  [0m[49m  [0m[49m  [0m[49m  [0m[7m  [0m[49m  [0m[7m  [0m
2025-08-21 01:03:25,627 [INFO] SecureCallWebRTC: [TUNNEL] [7m  [0m[49m  [0m[7m  [0m[7m  [0m[7m  [0m[7m  [0m[7m  [0m[49m  [0m[7m  [0m[49m  [0m[7m  [0m[49m  [0m[7m  [0m[49m  [0m[7m  [0m[7m  [0m[7m  [0m[49m  [0m[7m  [0m[49m  [0m[7m  [0m[7m  [0m[7m  [0m[7m  [0m[7m  [0m[49m  [0m[7m  [0m
2025-08-21 01:03:25,628 [INFO] SecureCallWebRTC: [TUNNEL] [7m  [0m[49m  [0m[49m  [0m[49m  [0m[49m  [0m[49m  [0m[49m  [0m[49m  [0m[7m  [0m[49m  [0m[7m  [0m[49m  [0m[7m  [0m[49m  [0m[7m  [0m[49m  [0m[7m  [0m[49m  [0m[7m  [0m[49m  [0m[49m  [0m[49m  [0m[49m  [0m[49m  [0m[49m  [0m[49m  [0m[7m  [0m
2025-08-21 01:03:25,630 [INFO] SecureCallWebRTC: [TUNNEL] [7m  [0m[7m  [0m[7m  [0m[7m  [0m[7m  [0m[7m  [0m[7m  [0m[7m  [0m[7m  [0m[49m  [0m[7m  [0m[49m  [0m[49m  [0m[7m  [0m[49m  [0m[7m  [0m[7m  [0m[49m  [0m[7m  [0m[7m  [0m[7m  [0m[7m  [0m[7m  [0m[7m  [0m[7m  [0m[7m  [0m[7m  [0m
2025-08-21 01:03:25,631 [INFO] SecureCallWebRTC: [TUNNEL] [7m  [0m[49m  [0m[49m  [0m[7m  [0m[49m  [0m[7m  [0m[7m  [0m[49m  [0m[49m  [0m[7m  [0m[7m  [0m[7m  [0m[49m  [0m[49m  [0m[49m  [0m[49m  [0m[49m  [0m[7m  [0m[7m  [0m[49m  [0m[49m  [0m[49m  [0m[7m  [0m[49m  [0m[49m  [0m[7m  [0m[7m  [0m
2025-08-21 01:03:25,632 [INFO] SecureCallWebRTC: [TUNNEL] [7m  [0m[49m  [0m[7m  [0m[49m  [0m[49m  [0m[7m  [0m[49m  [0m[7m  [0m[7m  [0m[49m  [0m[49m  [0m[7m  [0m[49m  [0m[49m  [0m[7m  [0m[7m  [0m[7m  [0m[49m  [0m[7m  [0m[7m  [0m[49m  [0m[7m  [0m[7m  [0m[7m  [0m[49m  [0m[49m  [0m[7m  [0m
2025-08-21 01:03:25,633 [INFO] SecureCallWebRTC: [TUNNEL] [7m  [0m[49m  [0m[49m  [0m[49m  [0m[7m  [0m[49m  [0m[7m  [0m[49m  [0m[7m  [0m[7m  [0m[7m  [0m[7m  [0m[49m  [0m[49m  [0m[49m  [0m[7m  [0m[7m  [0m[7m  [0m[7m  [0m[7m  [0m[49m  [0m[49m  [0m[49m  [0m[7m  [0m[49m  [0m[49m  [0m[7m  [0m
2025-08-21 01:03:25,635 [INFO] SecureCallWebRTC: [TUNNEL] [7m  [0m[49m  [0m[7m  [0m[7m  [0m[49m  [0m[49m  [0m[49m  [0m[7m  [0m[7m  [0m[7m  [0m[49m  [0m[49m  [0m[49m  [0m[49m  [0m[7m  [0m[49m  [0m[49m  [0m[49m  [0m[49m  [0m[7m  [0m[49m  [0m[49m  [0m[7m  [0m[7m  [0m[7m  [0m[49m  [0m[7m  [0m
2025-08-21 01:03:25,637 [INFO] SecureCallWebRTC: [TUNNEL] [7m  [0m[49m  [0m[7m  [0m[7m  [0m[49m  [0m[7m  [0m[49m  [0m[49m  [0m[49m  [0m[7m  [0m[7m  [0m[49m  [0m[49m  [0m[7m  [0m[49m  [0m[7m  [0m[7m  [0m[7m  [0m[49m  [0m[49m  [0m[7m  [0m[7m  [0m[7m  [0m[49m  [0m[7m  [0m[7m  [0m[7m  [0m
2025-08-21 01:03:25,639 [INFO] SecureCallWebRTC: [TUNNEL] [7m  [0m[7m  [0m[7m  [0m[7m  [0m[7m  [0m[7m  [0m[49m  [0m[7m  [0m[49m  [0m[49m  [0m[49m  [0m[7m  [0m[49m  [0m[7m  [0m[7m  [0m[7m  [0m[49m  [0m[49m  [0m[7m  [0m[7m  [0m[7m  [0m[49m  [0m[7m  [0m[49m  [0m[49m  [0m[49m  [0m[7m  [0m
2025-08-21 01:03:25,640 [INFO] SecureCallWebRTC: [TUNNEL] [7m  [0m[49m  [0m[7m  [0m[49m  [0m[49m  [0m[49m  [0m[7m  [0m[49m  [0m[49m  [0m[7m  [0m[7m  [0m[7m  [0m[49m  [0m[7m  [0m[7m  [0m[49m  [0m[49m  [0m[49m  [0m[49m  [0m[49m  [0m[49m  [0m[7m  [0m[7m  [0m[7m  [0m[49m  [0m[7m  [0m[7m  [0m
2025-08-21 01:03:25,642 [INFO] SecureCallWebRTC: [TUNNEL] [7m  [0m[7m  [0m[49m  [0m[7m  [0m[49m  [0m[49m  [0m[7m  [0m[7m  [0m[7m  [0m[49m  [0m[49m  [0m[49m  [0m[49m  [0m[7m  [0m[7m  [0m[7m  [0m[49m  [0m[7m  [0m[49m  [0m[49m  [0m[49m  [0m[49m  [0m[49m  [0m[7m  [0m[7m  [0m[7m  [0m[7m  [0m
2025-08-21 01:03:25,643 [INFO] SecureCallWebRTC: [TUNNEL] [7m  [0m[49m  [0m[49m  [0m[49m  [0m[49m  [0m[49m  [0m[49m  [0m[49m  [0m[49m  [0m[49m  [0m[7m  [0m[49m  [0m[7m  [0m[49m  [0m[7m  [0m[7m  [0m[7m  [0m[49m  [0m[49m  [0m[49m  [0m[49m  [0m[49m  [0m[49m  [0m[49m  [0m[7m  [0m[49m  [0m[7m  [0m
2025-08-21 01:03:25,645 [INFO] SecureCallWebRTC: [TUNNEL] [7m  [0m[7m  [0m[7m  [0m[7m  [0m[7m  [0m[7m  [0m[7m  [0m[7m  [0m[7m  [0m[49m  [0m[49m  [0m[7m  [0m[7m  [0m[49m  [0m[49m  [0m[49m  [0m[49m  [0m[49m  [0m[7m  [0m[7m  [0m[7m  [0m[49m  [0m[7m  [0m[49m  [0m[49m  [0m[49m  [0m[7m  [0m
2025-08-21 01:03:25,647 [INFO] SecureCallWebRTC: [TUNNEL] [7m  [0m[49m  [0m[49m  [0m[49m  [0m[49m  [0m[49m  [0m[49m  [0m[49m  [0m[7m  [0m[49m  [0m[49m  [0m[49m  [0m[49m  [0m[49m  [0m[7m  [0m[49m  [0m[49m  [0m[49m  [0m[7m  [0m[49m  [0m[7m  [0m[49m  [0m[49m  [0m[49m  [0m[7m  [0m[7m  [0m[7m  [0m
2025-08-21 01:03:25,648 [INFO] SecureCallWebRTC: [TUNNEL] [7m  [0m[49m  [0m[7m  [0m[7m  [0m[7m  [0m[7m  [0m[7m  [0m[49m  [0m[7m  [0m[7m  [0m[7m  [0m[7m  [0m[7m  [0m[49m  [0m[7m  [0m[7m  [0m[7m  [0m[49m  [0m[7m  [0m[7m  [0m[7m  [0m[49m  [0m[7m  [0m[7m  [0m[7m  [0m[49m  [0m[7m  [0m
2025-08-21 01:03:25,650 [INFO] SecureCallWebRTC: [TUNNEL] [7m  [0m[49m  [0m[7m  [0m[49m  [0m[49m  [0m[49m  [0m[7m  [0m[49m  [0m[7m  [0m[7m  [0m[49m  [0m[7m  [0m[7m  [0m[7m  [0m[7m  [0m[7m  [0m[7m  [0m[49m  [0m[49m  [0m[49m  [0m[49m  [0m[49m  [0m[49m  [0m[49m  [0m[7m  [0m[7m  [0m[7m  [0m
2025-08-21 01:03:25,651 [INFO] SecureCallWebRTC: [TUNNEL] [7m  [0m[49m  [0m[7m  [0m[49m  [0m[49m  [0m[49m  [0m[7m  [0m[49m  [0m[7m  [0m[49m  [0m[7m  [0m[7m  [0m[49m  [0m[7m  [0m[7m  [0m[7m  [0m[49m  [0m[7m  [0m[49m  [0m[7m  [0m[7m  [0m[49m  [0m[49m  [0m[7m  [0m[49m  [0m[7m  [0m[7m  [0m
2025-08-21 01:03:25,652 [INFO] SecureCallWebRTC: [TUNNEL] [7m  [0m[49m  [0m[7m  [0m[49m  [0m[49m  [0m[49m  [0m[7m  [0m[49m  [0m[7m  [0m[7m  [0m[7m  [0m[49m  [0m[7m  [0m[7m  [0m[7m  [0m[7m  [0m[7m  [0m[7m  [0m[7m  [0m[49m  [0m[49m  [0m[49m  [0m[7m  [0m[49m  [0m[7m  [0m[49m  [0m[7m  [0m
2025-08-21 01:03:25,654 [INFO] SecureCallWebRTC: [TUNNEL] [7m  [0m[49m  [0m[7m  [0m[7m  [0m[7m  [0m[7m  [0m[7m  [0m[49m  [0m[7m  [0m[49m  [0m[7m  [0m[7m  [0m[7m  [0m[7m  [0m[7m  [0m[49m  [0m[7m  [0m[7m  [0m[49m  [0m[49m  [0m[49m  [0m[49m  [0m[7m  [0m[7m  [0m[7m  [0m[49m  [0m[7m  [0m
2025-08-21 01:03:25,655 [INFO] SecureCallWebRTC: [TUNNEL] [7m  [0m[49m  [0m[49m  [0m[49m  [0m[49m  [0m[49m  [0m[49m  [0m[49m  [0m[7m  [0m[49m  [0m[49m  [0m[49m  [0m[7m  [0m[49m  [0m[7m  [0m[7m  [0m[49m  [0m[7m  [0m[7m  [0m[7m  [0m[49m  [0m[7m  [0m[7m  [0m[49m  [0m[7m  [0m[49m  [0m[7m  [0m
2025-08-21 01:03:25,656 [INFO] SecureCallWebRTC: [TUNNEL] [7m  [0m[7m  [0m[7m  [0m[7m  [0m[7m  [0m[7m  [0m[7m  [0m[7m  [0m[7m  [0m[7m  [0m[7m  [0m[7m  [0m[7m  [0m[7m  [0m[7m  [0m[7m  [0m[7m  [0m[7m  [0m[7m  [0m[7m  [0m[7m  [0m[7m  [0m[7m  [0m[7m  [0m[7m  [0m[7m  [0m[7m  [0m
2025-08-21 01:03:33,955 [INFO] SecureCallWebRTC: [WS] peer joined: fc736f2d81eb4eeab7035639d8c35bdf (total=1)
2025-08-21 01:03:54,587 [INFO] SecureCallWebRTC: [WS] peer joined: f54c47405c0a450abbd9b3bb91d862b8 (total=2)
2025-08-21 01:04:14,456 [INFO] SecureCallWebRTC: [WS] peer left: f54c47405c0a450abbd9b3bb91d862b8 (total=1)
2025-08-21 01:04:17,106 [INFO] SecureCallWebRTC: [WS] peer joined: 5a36331063d8479aa4f8c64962fc0b8e (total=2)
2025-08-21 01:06:32,462 [INFO] SecureCallWebRTC: [WS] peer left: fc736f2d81eb4eeab7035639d8c35bdf (total=1)
2025-08-21 01:06:35,972 [INFO] SecureCallWebRTC: [WS] peer left: 5a36331063d8479aa4f8c64962fc0b8e (total=0)
2025-08-21 01:07:22,034 [INFO] SecureCallWebRTC: [WS] peer joined: 586f4e0bb42a4310b9ee2d01e0b8c1ae (total=1)
2025-08-21 01:07:43,939 [INFO] SecureCallWebRTC: [WS] peer joined: f81a917353d34e38be2cc46387215314 (total=2)
2025-08-21 01:08:10,206 [INFO] SecureCallWebRTC: [WS] peer left: f81a917353d34e38be2cc46387215314 (total=1)
2025-08-21 01:08:15,116 [INFO] SecureCallWebRTC: [WS] peer joined: f8a1426f563246d29ec5a700d6ca5a5a (total=2)
2025-08-21 01:08:24,641 [INFO] SecureCallWebRTC: [WS] peer left: f8a1426f563246d29ec5a700d6ca5a5a (total=1)
2025-08-21 01:08:37,679 [INFO] SecureCallWebRTC: [WS] peer joined: 277fcf424e22415a8b1e84e1da596be2 (total=2)
2025-08-21 01:08:42,426 [INFO] SecureCallWebRTC: [WS] peer left: 586f4e0bb42a4310b9ee2d01e0b8c1ae (total=1)
2025-08-21 01:10:29,395 [INFO] SecureCallWebRTC: [TUNNEL] Stopping tunnel...
2025-08-21 01:11:19,029 [INFO] SecureCallWebRTC: [BOOT] GUI ready — waiting for user to choose mode and capacity
2025-08-21 01:11:21,948 [INFO] SecureCallWebRTC: [UDP] discovery responder on 37020
2025-08-21 01:11:21,950 [INFO] SecureCallWebRTC: [HTTP] http://0.0.0.0:8790 (/, /style.css, /icon.svg, /ws, /healthz, /status) — capacity=2
2025-08-21 01:11:21,957 [INFO] SecureCallWebRTC: [TUNNEL] Starting localhost.run tunnel (this may take a few seconds)…
2025-08-21 01:11:21,963 [INFO] SecureCallWebRTC: [TUNNEL] reader started, waiting for https://<sub>.lhr.life …
2025-08-21 01:11:23,024 [INFO] SecureCallWebRTC: [TUNNEL] ===============================================================================
2025-08-21 01:11:23,025 [INFO] SecureCallWebRTC: [TUNNEL] Welcome to localhost.run!
2025-08-21 01:11:23,026 [INFO] SecureCallWebRTC: [TUNNEL] Follow your favourite reverse tunnel at [https://twitter.com/localhost_run].
2025-08-21 01:11:23,027 [INFO] SecureCallWebRTC: [TUNNEL] To set up and manage custom domains go to https://admin.localhost.run/
2025-08-21 01:11:23,027 [INFO] SecureCallWebRTC: [TUNNEL] More details on custom domains (and how to enable subdomains of your custom
2025-08-21 01:11:23,028 [INFO] SecureCallWebRTC: [TUNNEL] domain) at https://localhost.run/docs/custom-domains
2025-08-21 01:11:23,029 [INFO] SecureCallWebRTC: [TUNNEL] If you get a permission denied error check the faq for how to connect with a key or
2025-08-21 01:11:23,030 [INFO] SecureCallWebRTC: [TUNNEL] create a free tunnel without a key at [http://localhost:3000/docs/faq#generating-an-ssh-key].
2025-08-21 01:11:23,031 [INFO] SecureCallWebRTC: [TUNNEL] To explore using localhost.run visit the documentation site:
2025-08-21 01:11:23,031 [INFO] SecureCallWebRTC: [TUNNEL] https://localhost.run/docs/
2025-08-21 01:11:23,032 [INFO] SecureCallWebRTC: [TUNNEL] ===============================================================================
2025-08-21 01:11:23,033 [INFO] SecureCallWebRTC: [TUNNEL] ** your connection id is d35d7ca9-e6a5-4f3d-a05e-267104d7d1be, please mention it if you send me a message about an issue. **
2025-08-21 01:11:23,035 [INFO] SecureCallWebRTC: [TUNNEL] nudged stdin with newline
2025-08-21 01:11:23,421 [INFO] SecureCallWebRTC: [TUNNEL] authenticated as anonymous user
2025-08-21 01:11:23,453 [INFO] SecureCallWebRTC: [TUNNEL] URL: https://aad95d86494e1a.lhr.life (open this on both devices)
2025-08-21 01:11:23,454 [INFO] SecureCallWebRTC: [TUNNEL] aad95d86494e1a.lhr.life tunneled with tls termination, https://aad95d86494e1a.lhr.life
2025-08-21 01:11:23,454 [INFO] SecureCallWebRTC: [TUNNEL] create an account and add your key for a longer lasting domain name. see https://localhost.run/docs/forever-free/ for more information.
2025-08-21 01:11:23,455 [INFO] SecureCallWebRTC: [TUNNEL] Open your tunnel address on your mobile with this QR:
2025-08-21 01:11:23,456 [INFO] SecureCallWebRTC: [TUNNEL] [7m  [0m[7m  [0m[7m  [0m[7m  [0m[7m  [0m[7m  [0m[7m  [0m[7m  [0m[7m  [0m[7m  [0m[7m  [0m[7m  [0m[7m  [0m[7m  [0m[7m  [0m[7m  [0m[7m  [0m[7m  [0m[7m  [0m[7m  [0m[7m  [0m[7m  [0m[7m  [0m[7m  [0m[7m  [0m[7m  [0m[7m  [0m
2025-08-21 01:11:23,457 [INFO] SecureCallWebRTC: [TUNNEL] [7m  [0m[49m  [0m[49m  [0m[49m  [0m[49m  [0m[49m  [0m[49m  [0m[49m  [0m[7m  [0m[7m  [0m[7m  [0m[49m  [0m[7m  [0m[7m  [0m[49m  [0m[7m  [0m[7m  [0m[49m  [0m[7m  [0m[49m  [0m[49m  [0m[49m  [0m[49m  [0m[49m  [0m[49m  [0m[49m  [0m[7m  [0m
2025-08-21 01:11:23,458 [INFO] SecureCallWebRTC: [TUNNEL] [7m  [0m[49m  [0m[7m  [0m[7m  [0m[7m  [0m[7m  [0m[7m  [0m[49m  [0m[7m  [0m[7m  [0m[49m  [0m[7m  [0m[7m  [0m[7m  [0m[49m  [0m[7m  [0m[49m  [0m[49m  [0m[7m  [0m[49m  [0m[7m  [0m[7m  [0m[7m  [0m[7m  [0m[7m  [0m[49m  [0m[7m  [0m
2025-08-21 01:11:23,460 [INFO] SecureCallWebRTC: [TUNNEL] [7m  [0m[49m  [0m[7m  [0m[49m  [0m[49m  [0m[49m  [0m[7m  [0m[49m  [0m[7m  [0m[49m  [0m[7m  [0m[7m  [0m[49m  [0m[7m  [0m[49m  [0m[49m  [0m[49m  [0m[49m  [0m[7m  [0m[49m  [0m[7m  [0m[49m  [0m[49m  [0m[49m  [0m[7m  [0m[49m  [0m[7m  [0m
2025-08-21 01:11:23,461 [INFO] SecureCallWebRTC: [TUNNEL] [7m  [0m[49m  [0m[7m  [0m[49m  [0m[49m  [0m[49m  [0m[7m  [0m[49m  [0m[7m  [0m[7m  [0m[49m  [0m[7m  [0m[7m  [0m[49m  [0m[7m  [0m[49m  [0m[7m  [0m[49m  [0m[7m  [0m[49m  [0m[7m  [0m[49m  [0m[49m  [0m[49m  [0m[7m  [0m[49m  [0m[7m  [0m
2025-08-21 01:11:23,462 [INFO] SecureCallWebRTC: [TUNNEL] [7m  [0m[49m  [0m[7m  [0m[49m  [0m[49m  [0m[49m  [0m[7m  [0m[49m  [0m[7m  [0m[7m  [0m[49m  [0m[7m  [0m[7m  [0m[49m  [0m[49m  [0m[49m  [0m[49m  [0m[49m  [0m[7m  [0m[49m  [0m[7m  [0m[49m  [0m[49m  [0m[49m  [0m[7m  [0m[49m  [0m[7m  [0m
2025-08-21 01:11:23,464 [INFO] SecureCallWebRTC: [TUNNEL] [7m  [0m[49m  [0m[7m  [0m[7m  [0m[7m  [0m[7m  [0m[7m  [0m[49m  [0m[7m  [0m[7m  [0m[7m  [0m[49m  [0m[49m  [0m[49m  [0m[7m  [0m[49m  [0m[7m  [0m[49m  [0m[7m  [0m[49m  [0m[7m  [0m[7m  [0m[7m  [0m[7m  [0m[7m  [0m[49m  [0m[7m  [0m
2025-08-21 01:11:23,465 [INFO] SecureCallWebRTC: [TUNNEL] [7m  [0m[49m  [0m[49m  [0m[49m  [0m[49m  [0m[49m  [0m[49m  [0m[49m  [0m[7m  [0m[49m  [0m[7m  [0m[49m  [0m[7m  [0m[49m  [0m[7m  [0m[49m  [0m[7m  [0m[49m  [0m[7m  [0m[49m  [0m[49m  [0m[49m  [0m[49m  [0m[49m  [0m[49m  [0m[49m  [0m[7m  [0m
2025-08-21 01:11:23,466 [INFO] SecureCallWebRTC: [TUNNEL] [7m  [0m[7m  [0m[7m  [0m[7m  [0m[7m  [0m[7m  [0m[7m  [0m[7m  [0m[7m  [0m[49m  [0m[7m  [0m[7m  [0m[49m  [0m[7m  [0m[7m  [0m[7m  [0m[7m  [0m[7m  [0m[7m  [0m[7m  [0m[7m  [0m[7m  [0m[7m  [0m[7m  [0m[7m  [0m[7m  [0m[7m  [0m
2025-08-21 01:11:23,468 [INFO] SecureCallWebRTC: [TUNNEL] [7m  [0m[49m  [0m[49m  [0m[49m  [0m[7m  [0m[49m  [0m[49m  [0m[49m  [0m[49m  [0m[49m  [0m[7m  [0m[7m  [0m[7m  [0m[49m  [0m[49m  [0m[7m  [0m[49m  [0m[7m  [0m[49m  [0m[49m  [0m[7m  [0m[7m  [0m[7m  [0m[49m  [0m[7m  [0m[7m  [0m[7m  [0m
2025-08-21 01:11:23,470 [INFO] SecureCallWebRTC: [TUNNEL] [7m  [0m[7m  [0m[49m  [0m[7m  [0m[7m  [0m[49m  [0m[7m  [0m[7m  [0m[7m  [0m[49m  [0m[49m  [0m[7m  [0m[49m  [0m[49m  [0m[7m  [0m[7m  [0m[7m  [0m[49m  [0m[7m  [0m[49m  [0m[49m  [0m[49m  [0m[7m  [0m[7m  [0m[49m  [0m[49m  [0m[7m  [0m
2025-08-21 01:11:23,471 [INFO] SecureCallWebRTC: [TUNNEL] [7m  [0m[49m  [0m[7m  [0m[7m  [0m[49m  [0m[49m  [0m[49m  [0m[49m  [0m[49m  [0m[49m  [0m[7m  [0m[49m  [0m[49m  [0m[49m  [0m[7m  [0m[7m  [0m[49m  [0m[7m  [0m[7m  [0m[7m  [0m[49m  [0m[7m  [0m[49m  [0m[49m  [0m[49m  [0m[49m  [0m[7m  [0m
2025-08-21 01:11:23,473 [INFO] SecureCallWebRTC: [TUNNEL] [7m  [0m[49m  [0m[7m  [0m[7m  [0m[7m  [0m[7m  [0m[49m  [0m[7m  [0m[7m  [0m[7m  [0m[49m  [0m[49m  [0m[7m  [0m[49m  [0m[7m  [0m[7m  [0m[49m  [0m[49m  [0m[49m  [0m[7m  [0m[49m  [0m[7m  [0m[7m  [0m[7m  [0m[49m  [0m[49m  [0m[7m  [0m
2025-08-21 01:11:23,474 [INFO] SecureCallWebRTC: [TUNNEL] [7m  [0m[49m  [0m[7m  [0m[49m  [0m[7m  [0m[49m  [0m[49m  [0m[49m  [0m[49m  [0m[49m  [0m[7m  [0m[49m  [0m[49m  [0m[7m  [0m[49m  [0m[7m  [0m[49m  [0m[49m  [0m[7m  [0m[7m  [0m[7m  [0m[49m  [0m[7m  [0m[49m  [0m[7m  [0m[7m  [0m[7m  [0m
2025-08-21 01:11:23,475 [INFO] SecureCallWebRTC: [TUNNEL] [7m  [0m[7m  [0m[7m  [0m[7m  [0m[7m  [0m[7m  [0m[49m  [0m[7m  [0m[7m  [0m[49m  [0m[7m  [0m[49m  [0m[49m  [0m[7m  [0m[49m  [0m[7m  [0m[49m  [0m[7m  [0m[7m  [0m[49m  [0m[7m  [0m[7m  [0m[7m  [0m[7m  [0m[49m  [0m[49m  [0m[7m  [0m
2025-08-21 01:11:23,477 [INFO] SecureCallWebRTC: [TUNNEL] [7m  [0m[49m  [0m[7m  [0m[49m  [0m[49m  [0m[7m  [0m[7m  [0m[49m  [0m[49m  [0m[7m  [0m[49m  [0m[49m  [0m[7m  [0m[7m  [0m[7m  [0m[7m  [0m[7m  [0m[49m  [0m[49m  [0m[49m  [0m[7m  [0m[7m  [0m[7m  [0m[7m  [0m[7m  [0m[7m  [0m[7m  [0m
2025-08-21 01:11:23,478 [INFO] SecureCallWebRTC: [TUNNEL] [7m  [0m[7m  [0m[49m  [0m[7m  [0m[7m  [0m[49m  [0m[49m  [0m[7m  [0m[7m  [0m[49m  [0m[7m  [0m[49m  [0m[49m  [0m[7m  [0m[7m  [0m[7m  [0m[49m  [0m[49m  [0m[7m  [0m[49m  [0m[49m  [0m[49m  [0m[49m  [0m[7m  [0m[7m  [0m[7m  [0m[7m  [0m
2025-08-21 01:11:23,479 [INFO] SecureCallWebRTC: [TUNNEL] [7m  [0m[49m  [0m[7m  [0m[49m  [0m[49m  [0m[7m  [0m[7m  [0m[49m  [0m[7m  [0m[7m  [0m[7m  [0m[7m  [0m[7m  [0m[49m  [0m[49m  [0m[7m  [0m[7m  [0m[49m  [0m[49m  [0m[49m  [0m[49m  [0m[49m  [0m[49m  [0m[7m  [0m[7m  [0m[49m  [0m[7m  [0m
2025-08-21 01:11:23,481 [INFO] SecureCallWebRTC: [TUNNEL] [7m  [0m[7m  [0m[7m  [0m[7m  [0m[7m  [0m[7m  [0m[7m  [0m[7m  [0m[7m  [0m[49m  [0m[7m  [0m[7m  [0m[49m  [0m[49m  [0m[49m  [0m[7m  [0m[49m  [0m[49m  [0m[7m  [0m[7m  [0m[7m  [0m[49m  [0m[7m  [0m[49m  [0m[7m  [0m[49m  [0m[7m  [0m
2025-08-21 01:11:23,482 [INFO] SecureCallWebRTC: [TUNNEL] [7m  [0m[49m  [0m[49m  [0m[49m  [0m[49m  [0m[49m  [0m[49m  [0m[49m  [0m[7m  [0m[49m  [0m[49m  [0m[7m  [0m[49m  [0m[49m  [0m[7m  [0m[49m  [0m[7m  [0m[49m  [0m[7m  [0m[49m  [0m[7m  [0m[49m  [0m[49m  [0m[49m  [0m[7m  [0m[7m  [0m[7m  [0m
2025-08-21 01:11:23,483 [INFO] SecureCallWebRTC: [TUNNEL] [7m  [0m[49m  [0m[7m  [0m[7m  [0m[7m  [0m[7m  [0m[7m  [0m[49m  [0m[7m  [0m[49m  [0m[49m  [0m[49m  [0m[7m  [0m[49m  [0m[49m  [0m[7m  [0m[49m  [0m[49m  [0m[7m  [0m[7m  [0m[7m  [0m[49m  [0m[7m  [0m[49m  [0m[7m  [0m[49m  [0m[7m  [0m
2025-08-21 01:11:23,485 [INFO] SecureCallWebRTC: [TUNNEL] [7m  [0m[49m  [0m[7m  [0m[49m  [0m[49m  [0m[49m  [0m[7m  [0m[49m  [0m[7m  [0m[49m  [0m[7m  [0m[7m  [0m[49m  [0m[7m  [0m[7m  [0m[49m  [0m[49m  [0m[49m  [0m[49m  [0m[49m  [0m[49m  [0m[49m  [0m[49m  [0m[49m  [0m[49m  [0m[7m  [0m[7m  [0m
2025-08-21 01:11:23,486 [INFO] SecureCallWebRTC: [TUNNEL] [7m  [0m[49m  [0m[7m  [0m[49m  [0m[49m  [0m[49m  [0m[7m  [0m[49m  [0m[7m  [0m[7m  [0m[49m  [0m[7m  [0m[49m  [0m[7m  [0m[7m  [0m[7m  [0m[7m  [0m[7m  [0m[49m  [0m[7m  [0m[49m  [0m[7m  [0m[49m  [0m[7m  [0m[49m  [0m[7m  [0m[7m  [0m
2025-08-21 01:11:23,487 [INFO] SecureCallWebRTC: [TUNNEL] [7m  [0m[49m  [0m[7m  [0m[49m  [0m[49m  [0m[49m  [0m[7m  [0m[49m  [0m[7m  [0m[49m  [0m[49m  [0m[7m  [0m[7m  [0m[7m  [0m[49m  [0m[7m  [0m[7m  [0m[49m  [0m[7m  [0m[49m  [0m[49m  [0m[49m  [0m[49m  [0m[49m  [0m[7m  [0m[49m  [0m[7m  [0m
2025-08-21 01:11:23,488 [INFO] SecureCallWebRTC: [TUNNEL] [7m  [0m[49m  [0m[7m  [0m[7m  [0m[7m  [0m[7m  [0m[7m  [0m[49m  [0m[7m  [0m[49m  [0m[7m  [0m[49m  [0m[49m  [0m[7m  [0m[7m  [0m[7m  [0m[7m  [0m[7m  [0m[49m  [0m[49m  [0m[49m  [0m[7m  [0m[7m  [0m[49m  [0m[49m  [0m[49m  [0m[7m  [0m
2025-08-21 01:11:23,489 [INFO] SecureCallWebRTC: [TUNNEL] [7m  [0m[49m  [0m[49m  [0m[49m  [0m[49m  [0m[49m  [0m[49m  [0m[49m  [0m[7m  [0m[49m  [0m[49m  [0m[49m  [0m[7m  [0m[49m  [0m[7m  [0m[7m  [0m[49m  [0m[7m  [0m[49m  [0m[7m  [0m[49m  [0m[7m  [0m[7m  [0m[49m  [0m[7m  [0m[49m  [0m[7m  [0m
2025-08-21 01:11:23,490 [INFO] SecureCallWebRTC: [TUNNEL] [7m  [0m[7m  [0m[7m  [0m[7m  [0m[7m  [0m[7m  [0m[7m  [0m[7m  [0m[7m  [0m[7m  [0m[7m  [0m[7m  [0m[7m  [0m[7m  [0m[7m  [0m[7m  [0m[7m  [0m[7m  [0m[7m  [0m[7m  [0m[7m  [0m[7m  [0m[7m  [0m[7m  [0m[7m  [0m[7m  [0m[7m  [0m
2025-08-21 01:11:27,698 [INFO] SecureCallWebRTC: [WS] peer joined: 38eb0a0f31dd4c4bb75cc7f6eb58e884 (total=1)
2025-08-21 01:12:04,295 [INFO] SecureCallWebRTC: [WS] peer joined: 32558610834c496ca956e7ce028a8bcc (total=2)
2025-08-21 01:13:40,549 [INFO] SecureCallWebRTC: [TUNNEL] Stopping tunnel...
